Build started 28/12/2013 18:09:14.
     1>Project "C:\Users\Lin\Documents\Visual Studio 2012\Projects\CUDAGeneticAlgorithm\CUDAGeneticAlgorithm\CUDAGeneticAlgorithm.vcxproj" on node 2 (Build target(s)).
     1>AddCudaCompileDeps:
         C:\Program Files (x86)\Microsoft Visual Studio 11.0\VC\bin\cl.exe /E /nologo /showIncludes /TP /D__CUDACC__ /DWIN32 /D_DEBUG /D_CONSOLE /D_MBCS /I"C:\Program Files\NVIDIA GPU Computing Toolkit\CUDA\v5.5\include" /I"C:\Program Files\NVIDIA GPU Computing Toolkit\CUDA\v5.5\bin" /I"C:\Program Files\NVIDIA GPU Computing Toolkit\CUDA\v5.5\include" /I. /FIcuda_runtime.h /c "c:\Users\Lin\documents\visual studio 2012\Projects\CUDAGeneticAlgorithm\CUDAGeneticAlgorithm\genetic_algorithm.cu" 
       CudaBuild:
         Compiling CUDA source file genetic_algorithm.cu...
         cmd.exe /C "C:\Users\Lin\AppData\Local\Temp\tmp3362dc222ac54e3099c489536f814c19.cmd"
         "C:\Program Files\NVIDIA GPU Computing Toolkit\CUDA\v5.5\bin\nvcc.exe" -gencode=arch=compute_10,code=\"sm_10,compute_10\" --use-local-env --cl-version 2012 -ccbin "C:\Program Files (x86)\Microsoft Visual Studio 11.0\VC\bin"  -I"C:\Program Files\NVIDIA GPU Computing Toolkit\CUDA\v5.5\include" -I"C:\Program Files\NVIDIA GPU Computing Toolkit\CUDA\v5.5\include"  -G   --keep-dir Debug -maxrregcount=0  --machine 32 --compile -cudart static  -g   -DWIN32 -D_DEBUG -D_CONSOLE -D_MBCS -Xcompiler "/EHsc /W3 /nologo /Od /Zi /RTC1 /MDd  " -o Debug\genetic_algorithm.cu.obj "c:\Users\Lin\documents\visual studio 2012\Projects\CUDAGeneticAlgorithm\CUDAGeneticAlgorithm\genetic_algorithm.cu"
         
         C:\Users\Lin\Documents\Visual Studio 2012\Projects\CUDAGeneticAlgorithm\CUDAGeneticAlgorithm>"C:\Program Files\NVIDIA GPU Computing Toolkit\CUDA\v5.5\bin\nvcc.exe" -gencode=arch=compute_10,code=\"sm_10,compute_10\" --use-local-env --cl-version 2012 -ccbin "C:\Program Files (x86)\Microsoft Visual Studio 11.0\VC\bin"  -I"C:\Program Files\NVIDIA GPU Computing Toolkit\CUDA\v5.5\include" -I"C:\Program Files\NVIDIA GPU Computing Toolkit\CUDA\v5.5\include"  -G   --keep-dir Debug -maxrregcount=0  --machine 32 --compile -cudart static  -g   -DWIN32 -D_DEBUG -D_CONSOLE -D_MBCS -Xcompiler "/EHsc /W3 /nologo /Od /Zi /RTC1 /MDd  " -o Debug\genetic_algorithm.cu.obj "c:\Users\Lin\documents\visual studio 2012\Projects\CUDAGeneticAlgorithm\CUDAGeneticAlgorithm\genetic_algorithm.cu" 
     1>c:/Users/Lin/documents/visual studio 2012/Projects/CUDAGeneticAlgorithm/CUDAGeneticAlgorithm/genetic_algorithm.cu(107): warning C4244: 'argument' : conversion from 'time_t' to 'unsigned int', possible loss of data
       Link:
         C:\Program Files (x86)\Microsoft Visual Studio 11.0\VC\bin\link.exe /ERRORREPORT:PROMPT /OUT:"C:\Users\Lin\Documents\Visual Studio 2012\Projects\CUDAGeneticAlgorithm\Debug\CUDAGeneticAlgorithm.exe" /INCREMENTAL /NOLOGO /LIBPATH:"C:\Program Files\NVIDIA GPU Computing Toolkit\CUDA\v5.5\lib\Win32" cudart.lib kernel32.lib user32.lib gdi32.lib winspool.lib comdlg32.lib advapi32.lib shell32.lib ole32.lib oleaut32.lib uuid.lib odbc32.lib odbccp32.lib kernel32.lib user32.lib gdi32.lib winspool.lib comdlg32.lib advapi32.lib shell32.lib ole32.lib oleaut32.lib uuid.lib odbc32.lib odbccp32.lib /MANIFEST /MANIFESTUAC:"level='asInvoker' uiAccess='false'" /manifest:embed /DEBUG /PDB:"C:\Users\Lin\Documents\Visual Studio 2012\Projects\CUDAGeneticAlgorithm\Debug\CUDAGeneticAlgorithm.pdb" /SUBSYSTEM:CONSOLE /TLBID:1 /DYNAMICBASE /NXCOMPAT /IMPLIB:"C:\Users\Lin\Documents\Visual Studio 2012\Projects\CUDAGeneticAlgorithm\Debug\CUDAGeneticAlgorithm.lib" /MACHINE:X86 Debug\genetic_algorithm.cu.obj
         CUDAGeneticAlgorithm.vcxproj -> C:\Users\Lin\Documents\Visual Studio 2012\Projects\CUDAGeneticAlgorithm\Debug\CUDAGeneticAlgorithm.exe
       PostBuildEvent:
         echo copy "C:\Program Files\NVIDIA GPU Computing Toolkit\CUDA\v5.5\bin\cudart*.dll" "C:\Users\Lin\Documents\Visual Studio 2012\Projects\CUDAGeneticAlgorithm\Debug\"
         copy "C:\Program Files\NVIDIA GPU Computing Toolkit\CUDA\v5.5\bin\cudart*.dll" "C:\Users\Lin\Documents\Visual Studio 2012\Projects\CUDAGeneticAlgorithm\Debug\"
         :VCEnd
         copy "C:\Program Files\NVIDIA GPU Computing Toolkit\CUDA\v5.5\bin\cudart*.dll" "C:\Users\Lin\Documents\Visual Studio 2012\Projects\CUDAGeneticAlgorithm\Debug\"
         C:\Program Files\NVIDIA GPU Computing Toolkit\CUDA\v5.5\bin\cudart32_55.dll
         C:\Program Files\NVIDIA GPU Computing Toolkit\CUDA\v5.5\bin\cudart64_55.dll
                 2 arquivo(s) copiado(s).
     1>Done Building Project "C:\Users\Lin\Documents\Visual Studio 2012\Projects\CUDAGeneticAlgorithm\CUDAGeneticAlgorithm\CUDAGeneticAlgorithm.vcxproj" (Build target(s)).

Build succeeded.

Time Elapsed 00:00:14.75
